<?xml version="1.0" encoding="UTF-8"?>
<!-- Generated by org.testng.reporters.JUnitReportReporter -->
<testsuite hostname="DESKTOP-EV7659B" failures="0" tests="3" name="Dataprovider.d1" time="45.590" errors="0" timestamp="2025-04-19T11:04:40 IST" skipped="0">
  <testcase classname="Dataprovider.d1" name="DataProvSampleTest" time="23.865"/>
  <testcase classname="Dataprovider.d1" name="DataProvSampleTest" time="10.770"/>
  <testcase classname="Dataprovider.d1" name="DataProvSampleTest" time="10.955"/>
</testsuite> <!-- Dataprovider.d1 -->
