<?xml version="1.0" encoding="UTF-8"?>
<!-- Generated by org.testng.reporters.JUnitReportReporter -->
<testsuite hostname="DESKTOP-EV7659B" failures="0" tests="1" name="Extent.e1" time="36.908" errors="0" timestamp="2025-05-05T12:04:37 IST" skipped="0">
  <testcase classname="Extent.e1" name="extentReports" time="36.908"/>
  <system-out/>
</testsuite> <!-- Extent.e1 -->
