<?xml version="1.0" encoding="UTF-8"?>
<!-- Generated by org.testng.reporters.JUnitReportReporter -->
<testsuite hostname="DESKTOP-EV7659B" failures="0" tests="1" name="Logging.l1" time="16.759" errors="0" timestamp="2025-04-21T11:41:18 IST" skipped="0">
  <testcase classname="Logging.l1" name="t2" time="16.759"/>
  <system-out/>
</testsuite> <!-- Logging.l1 -->
