<?xml version="1.0" encoding="UTF-8"?>
<!-- Generated by org.testng.reporters.JUnitReportReporter -->
<testsuite hostname="DESKTOP-EV7659B" failures="0" tests="1" name="p1.c1" time="19.343" errors="0" timestamp="2025-05-06T11:30:20 IST" skipped="0">
  <testcase classname="p1.c1" name="t1" time="19.343"/>
  <system-out/>
</testsuite> <!-- p1.c1 -->
