<?xml version="1.0" encoding="UTF-8"?>
<!-- Generated by org.testng.reporters.JUnitReportReporter -->
<testsuite hostname="DESKTOP-EV7659B" failures="0" tests="1" name="xcel.e1" time="3.224" errors="0" timestamp="2025-04-17T10:55:29 IST" skipped="0">
  <testcase classname="xcel.e1" name="t1" time="3.224"/>
</testsuite> <!-- xcel.e1 -->
