<?xml version="1.0" encoding="UTF-8"?>
<!-- Generated by org.testng.reporters.JUnitReportReporter -->
<testsuite hostname="DESKTOP-EV7659B" failures="0" tests="7" name="testngattributes.t1" time="3.208" errors="0" timestamp="2025-05-21T11:38:16 IST" skipped="0">
  <testcase classname="testngattributes.t1" name="ab" time="0.049"/>
  <system-out/>
  <testcase classname="testngattributes.t1" name="ab" time="0.020"/>
  <system-out/>
  <testcase classname="testngattributes.t1" name="ab" time="0.022"/>
  <system-out/>
  <testcase classname="testngattributes.t1" name="ab" time="0.019"/>
  <system-out/>
  <testcase classname="testngattributes.t1" name="ab" time="0.025"/>
  <system-out/>
  <testcase classname="testngattributes.t1" name="z" time="3.063"/>
  <system-out/>
  <testcase classname="testngattributes.t1" name="cd" time="0.010"/>
  <system-out/>
</testsuite> <!-- testngattributes.t1 -->
