<?xml version="1.0" encoding="UTF-8"?>
<!-- Generated by org.testng.reporters.JUnitReportReporter -->
<testsuite hostname="DESKTOP-EV7659B" failures="0" tests="1" name="testingwaits.w1" time="46.705" errors="0" timestamp="2025-05-13T09:44:40 IST" skipped="0">
  <testcase classname="testingwaits.w1" name="im" time="46.705"/>
  <system-out/>
</testsuite> <!-- testingwaits.w1 -->
