<?xml version="1.0" encoding="UTF-8"?>
<!-- Generated by org.testng.reporters.JUnitReportReporter -->
<testsuite hostname="DESKTOP-EV7659B" failures="0" tests="2" name="testngAnnotation.a1" time="21.386" errors="0" timestamp="2025-05-13T09:44:40 IST" skipped="0">
  <testcase classname="testngAnnotation.a1" name="clickingg" time="17.509"/>
  <system-out/>
  <testcase classname="testngAnnotation.a1" name="title" time="3.877"/>
  <system-out/>
</testsuite> <!-- testngAnnotation.a1 -->
