<?xml version="1.0" encoding="UTF-8"?>
<!-- Generated by org.testng.reporters.JUnitReportReporter -->
<testsuite hostname="DESKTOP-EV7659B" failures="0" tests="2" name="testingdependency.d1" time="0.038" errors="0" timestamp="2025-05-22T10:56:24 IST" skipped="0">
  <testcase classname="testingdependency.d1" name="visiting" time="0.023"/>
  <system-out/>
  <testcase classname="testingdependency.d1" name="lg" time="0.015"/>
  <system-out/>
</testsuite> <!-- testingdependency.d1 -->
