<?xml version="1.0" encoding="UTF-8"?>
<!-- Generated by org.testng.reporters.JUnitReportReporter -->
<testsuite hostname="DESKTOP-EV7659B" failures="0" tests="2" name="testngAnnotation.a2" time="35.442" errors="0" timestamp="2025-05-13T09:50:24 IST" skipped="0">
  <testcase classname="testngAnnotation.a2" name="title" time="6.496"/>
  <system-out/>
  <testcase classname="testngAnnotation.a2" name="clickingg" time="28.946"/>
  <system-out/>
</testsuite> <!-- testngAnnotation.a2 -->
