<?xml version="1.0" encoding="UTF-8"?>
<!-- Generated by org.testng.reporters.JUnitReportReporter -->
<testsuite hostname="DESKTOP-EV7659B" failures="0" tests="3" name="testingdependency.d2" time="0.277" errors="0" timestamp="2025-05-22T10:56:24 IST" skipped="0">
  <testcase classname="testingdependency.d2" name="visiting" time="0.268"/>
  <system-out/>
  <testcase classname="testingdependency.d2" name="lg" time="0.006"/>
  <system-out/>
  <testcase classname="testingdependency.d2" name="home" time="0.003"/>
  <system-out/>
</testsuite> <!-- testingdependency.d2 -->
